mode: set
github.com/tsawler/remember/badger.go:13.44,15.16 2 1
github.com/tsawler/remember/badger.go:15.16,17.3 1 1
github.com/tsawler/remember/badger.go:18.2,18.13 1 1
github.com/tsawler/remember/badger.go:21.52,24.49 2 1
github.com/tsawler/remember/badger.go:24.49,26.17 2 1
github.com/tsawler/remember/badger.go:26.17,28.4 1 1
github.com/tsawler/remember/badger.go:30.3,30.43 1 1
github.com/tsawler/remember/badger.go:30.43,33.4 2 1
github.com/tsawler/remember/badger.go:34.3,34.17 1 1
github.com/tsawler/remember/badger.go:34.17,36.4 1 0
github.com/tsawler/remember/badger.go:37.3,37.13 1 1
github.com/tsawler/remember/badger.go:39.2,39.16 1 1
github.com/tsawler/remember/badger.go:39.16,41.3 1 1
github.com/tsawler/remember/badger.go:43.2,44.16 2 1
github.com/tsawler/remember/badger.go:44.16,46.3 1 0
github.com/tsawler/remember/badger.go:48.2,50.18 2 1
github.com/tsawler/remember/badger.go:53.82,58.16 4 1
github.com/tsawler/remember/badger.go:58.16,60.3 1 0
github.com/tsawler/remember/badger.go:62.2,62.22 1 1
github.com/tsawler/remember/badger.go:62.22,63.51 1 1
github.com/tsawler/remember/badger.go:63.51,67.4 3 1
github.com/tsawler/remember/badger.go:68.8,69.51 1 1
github.com/tsawler/remember/badger.go:69.51,73.4 3 1
github.com/tsawler/remember/badger.go:76.2,76.12 1 1
github.com/tsawler/remember/badger.go:79.48,80.51 1 1
github.com/tsawler/remember/badger.go:80.51,83.3 2 1
github.com/tsawler/remember/badger.go:85.2,85.12 1 1
github.com/tsawler/remember/badger.go:88.54,90.2 1 1
github.com/tsawler/remember/badger.go:92.37,94.2 1 1
github.com/tsawler/remember/badger.go:96.54,97.51 1 1
github.com/tsawler/remember/badger.go:97.51,98.55 1 1
github.com/tsawler/remember/badger.go:98.55,99.38 1 1
github.com/tsawler/remember/badger.go:99.38,100.43 1 1
github.com/tsawler/remember/badger.go:100.43,102.6 1 0
github.com/tsawler/remember/badger.go:104.4,104.14 1 1
github.com/tsawler/remember/badger.go:105.18,107.4 1 0
github.com/tsawler/remember/badger.go:108.3,108.13 1 1
github.com/tsawler/remember/badger.go:111.2,113.49 2 1
github.com/tsawler/remember/badger.go:113.49,123.71 8 1
github.com/tsawler/remember/badger.go:123.71,127.36 4 1
github.com/tsawler/remember/badger.go:127.36,128.53 1 0
github.com/tsawler/remember/badger.go:128.53,130.6 1 0
github.com/tsawler/remember/badger.go:134.3,134.24 1 1
github.com/tsawler/remember/badger.go:134.24,135.52 1 1
github.com/tsawler/remember/badger.go:135.52,137.5 1 0
github.com/tsawler/remember/badger.go:140.3,140.13 1 1
github.com/tsawler/remember/badger.go:143.2,143.12 1 1
github.com/tsawler/remember/badger.go:147.55,149.16 2 1
github.com/tsawler/remember/badger.go:149.16,151.3 1 1
github.com/tsawler/remember/badger.go:153.2,153.23 1 1
github.com/tsawler/remember/badger.go:157.61,159.16 2 1
github.com/tsawler/remember/badger.go:159.16,161.3 1 1
github.com/tsawler/remember/badger.go:162.2,162.24 1 1
github.com/tsawler/remember/badger.go:166.62,168.16 2 1
github.com/tsawler/remember/badger.go:168.16,170.3 1 1
github.com/tsawler/remember/badger.go:172.2,173.15 2 1
github.com/tsawler/remember/remember.go:52.66,54.16 2 1
github.com/tsawler/remember/remember.go:54.16,56.3 1 1
github.com/tsawler/remember/remember.go:56.8,57.20 1 1
github.com/tsawler/remember/remember.go:58.16,65.5 1 1
github.com/tsawler/remember/remember.go:67.17,70.5 1 0
github.com/tsawler/remember/remember.go:74.2,74.19 1 1
github.com/tsawler/remember/remember.go:75.15,84.9 2 1
github.com/tsawler/remember/remember.go:86.16,90.17 4 1
github.com/tsawler/remember/remember.go:90.17,92.4 1 0
github.com/tsawler/remember/remember.go:93.3,96.9 1 1
github.com/tsawler/remember/remember.go:98.10,100.51 2 1
github.com/tsawler/remember/remember.go:105.51,109.16 3 1
github.com/tsawler/remember/remember.go:109.16,111.3 1 1
github.com/tsawler/remember/remember.go:113.2,114.16 2 1
github.com/tsawler/remember/remember.go:114.16,116.3 1 0
github.com/tsawler/remember/remember.go:117.2,118.18 2 1
github.com/tsawler/remember/remember.go:122.80,126.22 3 1
github.com/tsawler/remember/remember.go:126.22,128.3 1 1
github.com/tsawler/remember/remember.go:130.2,133.16 4 1
github.com/tsawler/remember/remember.go:133.16,135.3 1 0
github.com/tsawler/remember/remember.go:137.2,137.103 1 1
github.com/tsawler/remember/remember.go:141.54,143.16 2 1
github.com/tsawler/remember/remember.go:143.16,145.3 1 1
github.com/tsawler/remember/remember.go:147.2,147.23 1 1
github.com/tsawler/remember/remember.go:151.60,153.16 2 1
github.com/tsawler/remember/remember.go:153.16,155.3 1 1
github.com/tsawler/remember/remember.go:156.2,156.24 1 1
github.com/tsawler/remember/remember.go:160.47,163.2 2 1
github.com/tsawler/remember/remember.go:166.43,170.28 3 1
github.com/tsawler/remember/remember.go:170.28,172.3 1 1
github.com/tsawler/remember/remember.go:174.2,174.13 1 1
github.com/tsawler/remember/remember.go:178.61,180.16 2 1
github.com/tsawler/remember/remember.go:180.16,182.3 1 1
github.com/tsawler/remember/remember.go:184.2,185.15 2 1
github.com/tsawler/remember/remember.go:189.55,193.16 3 1
github.com/tsawler/remember/remember.go:193.16,195.3 1 0
github.com/tsawler/remember/remember.go:197.2,197.24 1 1
github.com/tsawler/remember/remember.go:197.24,199.17 2 1
github.com/tsawler/remember/remember.go:199.17,201.4 1 0
github.com/tsawler/remember/remember.go:204.2,204.12 1 1
github.com/tsawler/remember/remember.go:208.36,212.16 3 1
github.com/tsawler/remember/remember.go:212.16,214.3 1 0
github.com/tsawler/remember/remember.go:216.2,216.24 1 1
github.com/tsawler/remember/remember.go:216.24,218.17 2 1
github.com/tsawler/remember/remember.go:218.17,220.4 1 0
github.com/tsawler/remember/remember.go:223.2,223.12 1 1
github.com/tsawler/remember/remember.go:227.46,231.16 4 1
github.com/tsawler/remember/remember.go:231.16,233.3 1 0
github.com/tsawler/remember/remember.go:234.2,234.23 1 1
github.com/tsawler/remember/remember.go:238.45,244.16 6 1
github.com/tsawler/remember/remember.go:244.16,246.3 1 0
github.com/tsawler/remember/remember.go:247.2,247.18 1 1
