mode: set
github.com/tsawler/remember/badger.go:14.44,16.16 2 1
github.com/tsawler/remember/badger.go:16.16,18.3 1 1
github.com/tsawler/remember/badger.go:19.2,19.13 1 1
github.com/tsawler/remember/badger.go:23.37,25.2 1 1
github.com/tsawler/remember/badger.go:28.52,31.49 2 1
github.com/tsawler/remember/badger.go:31.49,33.17 2 1
github.com/tsawler/remember/badger.go:33.17,35.4 1 1
github.com/tsawler/remember/badger.go:37.3,37.43 1 1
github.com/tsawler/remember/badger.go:37.43,40.4 2 1
github.com/tsawler/remember/badger.go:41.3,41.17 1 1
github.com/tsawler/remember/badger.go:41.17,43.4 1 0
github.com/tsawler/remember/badger.go:44.3,44.13 1 1
github.com/tsawler/remember/badger.go:46.2,46.16 1 1
github.com/tsawler/remember/badger.go:46.16,48.3 1 1
github.com/tsawler/remember/badger.go:50.2,51.16 2 1
github.com/tsawler/remember/badger.go:51.16,53.3 1 0
github.com/tsawler/remember/badger.go:55.2,57.18 2 1
github.com/tsawler/remember/badger.go:61.82,66.16 4 1
github.com/tsawler/remember/badger.go:66.16,68.3 1 0
github.com/tsawler/remember/badger.go:70.2,70.22 1 1
github.com/tsawler/remember/badger.go:70.22,71.51 1 1
github.com/tsawler/remember/badger.go:71.51,75.4 3 1
github.com/tsawler/remember/badger.go:76.8,77.51 1 1
github.com/tsawler/remember/badger.go:77.51,81.4 3 1
github.com/tsawler/remember/badger.go:84.2,84.12 1 1
github.com/tsawler/remember/badger.go:88.48,89.51 1 1
github.com/tsawler/remember/badger.go:89.51,92.3 2 1
github.com/tsawler/remember/badger.go:94.2,94.12 1 1
github.com/tsawler/remember/badger.go:98.54,100.2 1 1
github.com/tsawler/remember/badger.go:103.37,105.2 1 1
github.com/tsawler/remember/badger.go:107.54,108.51 1 1
github.com/tsawler/remember/badger.go:108.51,109.55 1 1
github.com/tsawler/remember/badger.go:109.55,110.38 1 1
github.com/tsawler/remember/badger.go:110.38,111.43 1 1
github.com/tsawler/remember/badger.go:111.43,113.6 1 0
github.com/tsawler/remember/badger.go:115.4,115.14 1 1
github.com/tsawler/remember/badger.go:116.18,118.4 1 0
github.com/tsawler/remember/badger.go:119.3,119.13 1 1
github.com/tsawler/remember/badger.go:122.2,124.49 2 1
github.com/tsawler/remember/badger.go:124.49,134.71 8 1
github.com/tsawler/remember/badger.go:134.71,138.36 4 1
github.com/tsawler/remember/badger.go:138.36,139.53 1 0
github.com/tsawler/remember/badger.go:139.53,141.6 1 0
github.com/tsawler/remember/badger.go:145.3,145.24 1 1
github.com/tsawler/remember/badger.go:145.24,146.52 1 1
github.com/tsawler/remember/badger.go:146.52,148.5 1 0
github.com/tsawler/remember/badger.go:151.3,151.13 1 1
github.com/tsawler/remember/badger.go:154.2,154.12 1 1
github.com/tsawler/remember/badger.go:158.55,160.16 2 1
github.com/tsawler/remember/badger.go:160.16,162.3 1 1
github.com/tsawler/remember/badger.go:164.2,164.23 1 1
github.com/tsawler/remember/badger.go:168.61,170.16 2 1
github.com/tsawler/remember/badger.go:170.16,172.3 1 1
github.com/tsawler/remember/badger.go:173.2,173.24 1 1
github.com/tsawler/remember/badger.go:177.62,179.16 2 1
github.com/tsawler/remember/badger.go:179.16,181.3 1 1
github.com/tsawler/remember/badger.go:183.2,184.15 2 1
github.com/tsawler/remember/remember.go:53.66,55.16 2 1
github.com/tsawler/remember/remember.go:55.16,57.3 1 1
github.com/tsawler/remember/remember.go:57.8,58.20 1 1
github.com/tsawler/remember/remember.go:59.16,66.5 1 1
github.com/tsawler/remember/remember.go:68.17,71.5 1 0
github.com/tsawler/remember/remember.go:75.2,75.19 1 1
github.com/tsawler/remember/remember.go:76.15,85.9 2 1
github.com/tsawler/remember/remember.go:87.16,91.17 4 1
github.com/tsawler/remember/remember.go:91.17,93.4 1 0
github.com/tsawler/remember/remember.go:94.3,97.9 1 1
github.com/tsawler/remember/remember.go:99.10,101.51 2 1
github.com/tsawler/remember/remember.go:106.36,108.2 1 1
github.com/tsawler/remember/remember.go:111.51,115.16 3 1
github.com/tsawler/remember/remember.go:115.16,117.3 1 1
github.com/tsawler/remember/remember.go:119.2,120.16 2 1
github.com/tsawler/remember/remember.go:120.16,122.3 1 0
github.com/tsawler/remember/remember.go:123.2,124.18 2 1
github.com/tsawler/remember/remember.go:128.80,132.22 3 1
github.com/tsawler/remember/remember.go:132.22,134.3 1 1
github.com/tsawler/remember/remember.go:136.2,139.16 4 1
github.com/tsawler/remember/remember.go:139.16,141.3 1 0
github.com/tsawler/remember/remember.go:143.2,143.96 1 1
github.com/tsawler/remember/remember.go:147.54,149.16 2 1
github.com/tsawler/remember/remember.go:149.16,151.3 1 1
github.com/tsawler/remember/remember.go:153.2,153.23 1 1
github.com/tsawler/remember/remember.go:157.60,159.16 2 1
github.com/tsawler/remember/remember.go:159.16,161.3 1 1
github.com/tsawler/remember/remember.go:162.2,162.24 1 1
github.com/tsawler/remember/remember.go:166.47,169.2 2 1
github.com/tsawler/remember/remember.go:172.43,176.28 3 1
github.com/tsawler/remember/remember.go:176.28,178.3 1 1
github.com/tsawler/remember/remember.go:180.2,180.13 1 1
github.com/tsawler/remember/remember.go:184.61,186.16 2 1
github.com/tsawler/remember/remember.go:186.16,188.3 1 1
github.com/tsawler/remember/remember.go:190.2,191.15 2 1
github.com/tsawler/remember/remember.go:195.55,199.16 3 1
github.com/tsawler/remember/remember.go:199.16,201.3 1 0
github.com/tsawler/remember/remember.go:203.2,203.24 1 1
github.com/tsawler/remember/remember.go:203.24,205.17 2 1
github.com/tsawler/remember/remember.go:205.17,207.4 1 0
github.com/tsawler/remember/remember.go:210.2,210.12 1 1
github.com/tsawler/remember/remember.go:214.36,218.16 3 1
github.com/tsawler/remember/remember.go:218.16,220.3 1 0
github.com/tsawler/remember/remember.go:222.2,222.24 1 1
github.com/tsawler/remember/remember.go:222.24,224.17 2 1
github.com/tsawler/remember/remember.go:224.17,226.4 1 0
github.com/tsawler/remember/remember.go:229.2,229.12 1 1
github.com/tsawler/remember/remember.go:233.46,237.16 4 1
github.com/tsawler/remember/remember.go:237.16,239.3 1 0
github.com/tsawler/remember/remember.go:240.2,240.23 1 1
github.com/tsawler/remember/remember.go:244.45,250.16 6 1
github.com/tsawler/remember/remember.go:250.16,252.3 1 0
github.com/tsawler/remember/remember.go:253.2,253.18 1 1
